{"C:\\Users\\User\\yazlab2\\order-service\\src\\app.ts": {"path":"C:\\Users\\User\\yazlab2\\order-service\\src\\app.ts","statementMap":{"0":{"start":{"line":4,"column":0},"end":{"line":4,"column":16}},"1":{"start":{"line":1,"column":0},"end":{"line":1,"column":80}},"2":{"start":{"line":2,"column":0},"end":{"line":2,"column":48}},"3":{"start":{"line":5,"column":14},"end":{"line":5,"column":23}},"4":{"start":{"line":7,"column":2},"end":{"line":7,"column":26}},"5":{"start":{"line":9,"column":2},"end":{"line":9,"column":38}},"6":{"start":{"line":11,"column":2},"end":{"line":15,"column":5}},"7":{"start":{"line":12,"column":4},"end":{"line":14,"column":7}},"8":{"start":{"line":17,"column":2},"end":{"line":21,"column":5}},"9":{"start":{"line":18,"column":4},"end":{"line":20,"column":7}},"10":{"start":{"line":23,"column":2},"end":{"line":23,"column":13}}},"fnMap":{"0":{"name":"createApp","decl":{"start":{"line":4,"column":16},"end":{"line":4,"column":25}},"loc":{"start":{"line":4,"column":25},"end":{"line":24,"column":1}}},"1":{"name":"(anonymous_2)","decl":{"start":{"line":11,"column":10},"end":{"line":11,"column":11}},"loc":{"start":{"line":11,"column":43},"end":{"line":15,"column":3}}},"2":{"name":"(anonymous_3)","decl":{"start":{"line":17,"column":10},"end":{"line":17,"column":11}},"loc":{"start":{"line":17,"column":76},"end":{"line":21,"column":3}}}},"branchMap":{},"s":{"0":1,"1":1,"2":1,"3":1,"4":1,"5":1,"6":1,"7":0,"8":1,"9":0,"10":1},"f":{"0":1,"1":0,"2":0},"b":{}}
,"C:\\Users\\User\\yazlab2\\order-service\\src\\controllers\\order.controller.ts": {"path":"C:\\Users\\User\\yazlab2\\order-service\\src\\controllers\\order.controller.ts","statementMap":{"0":{"start":{"line":5,"column":22},"end":{"line":5,"column":49}},"1":{"start":{"line":7,"column":2},"end":{"line":41,"column":4}},"2":{"start":{"line":8,"column":19},"end":{"line":8,"column":53}},"3":{"start":{"line":9,"column":22},"end":{"line":9,"column":59}},"4":{"start":{"line":10,"column":21},"end":{"line":10,"column":57}},"5":{"start":{"line":12,"column":4},"end":{"line":17,"column":5}},"6":{"start":{"line":13,"column":6},"end":{"line":15,"column":9}},"7":{"start":{"line":16,"column":6},"end":{"line":16,"column":13}},"8":{"start":{"line":19,"column":22},"end":{"line":19,"column":30}},"9":{"start":{"line":20,"column":4},"end":{"line":25,"column":5}},"10":{"start":{"line":21,"column":6},"end":{"line":23,"column":9}},"11":{"start":{"line":24,"column":6},"end":{"line":24,"column":13}},"12":{"start":{"line":27,"column":4},"end":{"line":40,"column":5}},"13":{"start":{"line":28,"column":21},"end":{"line":28,"column":86}},"14":{"start":{"line":29,"column":6},"end":{"line":29,"column":35}},"15":{"start":{"line":31,"column":6},"end":{"line":39,"column":7}},"16":{"start":{"line":32,"column":8},"end":{"line":34,"column":11}},"17":{"start":{"line":36,"column":8},"end":{"line":38,"column":11}},"18":{"start":{"line":43,"column":2},"end":{"line":62,"column":4}},"19":{"start":{"line":44,"column":19},"end":{"line":44,"column":53}},"20":{"start":{"line":45,"column":21},"end":{"line":45,"column":57}},"21":{"start":{"line":47,"column":4},"end":{"line":52,"column":5}},"22":{"start":{"line":48,"column":6},"end":{"line":50,"column":9}},"23":{"start":{"line":51,"column":6},"end":{"line":51,"column":13}},"24":{"start":{"line":54,"column":4},"end":{"line":61,"column":5}},"25":{"start":{"line":55,"column":21},"end":{"line":55,"column":72}},"26":{"start":{"line":56,"column":6},"end":{"line":56,"column":35}},"27":{"start":{"line":58,"column":6},"end":{"line":60,"column":9}},"28":{"start":{"line":64,"column":2},"end":{"line":94,"column":4}},"29":{"start":{"line":65,"column":19},"end":{"line":65,"column":53}},"30":{"start":{"line":66,"column":21},"end":{"line":66,"column":57}},"31":{"start":{"line":67,"column":19},"end":{"line":67,"column":29}},"32":{"start":{"line":69,"column":4},"end":{"line":74,"column":5}},"33":{"start":{"line":70,"column":6},"end":{"line":72,"column":9}},"34":{"start":{"line":73,"column":6},"end":{"line":73,"column":13}},"35":{"start":{"line":76,"column":4},"end":{"line":93,"column":5}},"36":{"start":{"line":77,"column":20},"end":{"line":77,"column":78}},"37":{"start":{"line":78,"column":6},"end":{"line":78,"column":34}},"38":{"start":{"line":80,"column":6},"end":{"line":92,"column":7}},"39":{"start":{"line":81,"column":8},"end":{"line":83,"column":11}},"40":{"start":{"line":84,"column":13},"end":{"line":92,"column":7}},"41":{"start":{"line":85,"column":8},"end":{"line":87,"column":11}},"42":{"start":{"line":89,"column":8},"end":{"line":91,"column":11}},"43":{"start":{"line":96,"column":2},"end":{"line":127,"column":4}},"44":{"start":{"line":97,"column":19},"end":{"line":97,"column":53}},"45":{"start":{"line":98,"column":21},"end":{"line":98,"column":57}},"46":{"start":{"line":99,"column":19},"end":{"line":99,"column":29}},"47":{"start":{"line":100,"column":23},"end":{"line":100,"column":31}},"48":{"start":{"line":102,"column":4},"end":{"line":107,"column":5}},"49":{"start":{"line":103,"column":6},"end":{"line":105,"column":9}},"50":{"start":{"line":106,"column":6},"end":{"line":106,"column":13}},"51":{"start":{"line":109,"column":4},"end":{"line":126,"column":5}},"52":{"start":{"line":110,"column":20},"end":{"line":110,"column":89}},"53":{"start":{"line":111,"column":6},"end":{"line":111,"column":34}},"54":{"start":{"line":113,"column":6},"end":{"line":125,"column":7}},"55":{"start":{"line":114,"column":8},"end":{"line":116,"column":11}},"56":{"start":{"line":117,"column":13},"end":{"line":125,"column":7}},"57":{"start":{"line":118,"column":8},"end":{"line":120,"column":11}},"58":{"start":{"line":122,"column":8},"end":{"line":124,"column":11}},"59":{"start":{"line":129,"column":2},"end":{"line":159,"column":4}},"60":{"start":{"line":130,"column":19},"end":{"line":130,"column":53}},"61":{"start":{"line":131,"column":21},"end":{"line":131,"column":57}},"62":{"start":{"line":132,"column":19},"end":{"line":132,"column":29}},"63":{"start":{"line":134,"column":4},"end":{"line":139,"column":5}},"64":{"start":{"line":135,"column":6},"end":{"line":137,"column":9}},"65":{"start":{"line":138,"column":6},"end":{"line":138,"column":13}},"66":{"start":{"line":141,"column":4},"end":{"line":158,"column":5}},"67":{"start":{"line":142,"column":6},"end":{"line":142,"column":64}},"68":{"start":{"line":143,"column":6},"end":{"line":143,"column":70}},"69":{"start":{"line":145,"column":6},"end":{"line":157,"column":7}},"70":{"start":{"line":146,"column":8},"end":{"line":148,"column":11}},"71":{"start":{"line":149,"column":13},"end":{"line":157,"column":7}},"72":{"start":{"line":150,"column":8},"end":{"line":152,"column":11}},"73":{"start":{"line":154,"column":8},"end":{"line":156,"column":11}},"74":{"start":{"line":4,"column":0},"end":{"line":4,"column":13}}},"fnMap":{"0":{"name":"(anonymous_0)","decl":{"start":{"line":5,"column":2},"end":{"line":5,"column":22}},"loc":{"start":{"line":5,"column":49},"end":{"line":5,"column":53}}},"1":{"name":"(anonymous_1)","decl":{"start":{"line":7,"column":16},"end":{"line":7,"column":21}},"loc":{"start":{"line":7,"column":69},"end":{"line":41,"column":3}}},"2":{"name":"(anonymous_2)","decl":{"start":{"line":43,"column":14},"end":{"line":43,"column":19}},"loc":{"start":{"line":43,"column":67},"end":{"line":62,"column":3}}},"3":{"name":"(anonymous_3)","decl":{"start":{"line":64,"column":17},"end":{"line":64,"column":22}},"loc":{"start":{"line":64,"column":70},"end":{"line":94,"column":3}}},"4":{"name":"(anonymous_4)","decl":{"start":{"line":96,"column":16},"end":{"line":96,"column":21}},"loc":{"start":{"line":96,"column":69},"end":{"line":127,"column":3}}},"5":{"name":"(anonymous_5)","decl":{"start":{"line":129,"column":16},"end":{"line":129,"column":21}},"loc":{"start":{"line":129,"column":69},"end":{"line":159,"column":3}}}},"branchMap":{"0":{"loc":{"start":{"line":12,"column":4},"end":{"line":17,"column":5}},"type":"if","locations":[{"start":{"line":12,"column":4},"end":{"line":17,"column":5}}]},"1":{"loc":{"start":{"line":12,"column":8},"end":{"line":12,"column":42}},"type":"binary-expr","locations":[{"start":{"line":12,"column":8},"end":{"line":12,"column":15}},{"start":{"line":12,"column":19},"end":{"line":12,"column":29}},{"start":{"line":12,"column":33},"end":{"line":12,"column":42}}]},"2":{"loc":{"start":{"line":20,"column":4},"end":{"line":25,"column":5}},"type":"if","locations":[{"start":{"line":20,"column":4},"end":{"line":25,"column":5}}]},"3":{"loc":{"start":{"line":20,"column":8},"end":{"line":20,"column":61}},"type":"binary-expr","locations":[{"start":{"line":20,"column":8},"end":{"line":20,"column":14}},{"start":{"line":20,"column":18},"end":{"line":20,"column":39}},{"start":{"line":20,"column":43},"end":{"line":20,"column":61}}]},"4":{"loc":{"start":{"line":31,"column":6},"end":{"line":39,"column":7}},"type":"if","locations":[{"start":{"line":31,"column":6},"end":{"line":39,"column":7}},{"start":{"line":35,"column":13},"end":{"line":39,"column":7}}]},"5":{"loc":{"start":{"line":47,"column":4},"end":{"line":52,"column":5}},"type":"if","locations":[{"start":{"line":47,"column":4},"end":{"line":52,"column":5}}]},"6":{"loc":{"start":{"line":47,"column":8},"end":{"line":47,"column":28}},"type":"binary-expr","locations":[{"start":{"line":47,"column":8},"end":{"line":47,"column":15}},{"start":{"line":47,"column":19},"end":{"line":47,"column":28}}]},"7":{"loc":{"start":{"line":69,"column":4},"end":{"line":74,"column":5}},"type":"if","locations":[{"start":{"line":69,"column":4},"end":{"line":74,"column":5}}]},"8":{"loc":{"start":{"line":69,"column":8},"end":{"line":69,"column":28}},"type":"binary-expr","locations":[{"start":{"line":69,"column":8},"end":{"line":69,"column":15}},{"start":{"line":69,"column":19},"end":{"line":69,"column":28}}]},"9":{"loc":{"start":{"line":80,"column":6},"end":{"line":92,"column":7}},"type":"if","locations":[{"start":{"line":80,"column":6},"end":{"line":92,"column":7}},{"start":{"line":84,"column":13},"end":{"line":92,"column":7}}]},"10":{"loc":{"start":{"line":84,"column":13},"end":{"line":92,"column":7}},"type":"if","locations":[{"start":{"line":84,"column":13},"end":{"line":92,"column":7}},{"start":{"line":88,"column":13},"end":{"line":92,"column":7}}]},"11":{"loc":{"start":{"line":102,"column":4},"end":{"line":107,"column":5}},"type":"if","locations":[{"start":{"line":102,"column":4},"end":{"line":107,"column":5}}]},"12":{"loc":{"start":{"line":102,"column":8},"end":{"line":102,"column":28}},"type":"binary-expr","locations":[{"start":{"line":102,"column":8},"end":{"line":102,"column":15}},{"start":{"line":102,"column":19},"end":{"line":102,"column":28}}]},"13":{"loc":{"start":{"line":113,"column":6},"end":{"line":125,"column":7}},"type":"if","locations":[{"start":{"line":113,"column":6},"end":{"line":125,"column":7}},{"start":{"line":117,"column":13},"end":{"line":125,"column":7}}]},"14":{"loc":{"start":{"line":117,"column":13},"end":{"line":125,"column":7}},"type":"if","locations":[{"start":{"line":117,"column":13},"end":{"line":125,"column":7}},{"start":{"line":121,"column":13},"end":{"line":125,"column":7}}]},"15":{"loc":{"start":{"line":134,"column":4},"end":{"line":139,"column":5}},"type":"if","locations":[{"start":{"line":134,"column":4},"end":{"line":139,"column":5}}]},"16":{"loc":{"start":{"line":134,"column":8},"end":{"line":134,"column":28}},"type":"binary-expr","locations":[{"start":{"line":134,"column":8},"end":{"line":134,"column":15}},{"start":{"line":134,"column":19},"end":{"line":134,"column":28}}]},"17":{"loc":{"start":{"line":145,"column":6},"end":{"line":157,"column":7}},"type":"if","locations":[{"start":{"line":145,"column":6},"end":{"line":157,"column":7}},{"start":{"line":149,"column":13},"end":{"line":157,"column":7}}]},"18":{"loc":{"start":{"line":149,"column":13},"end":{"line":157,"column":7}},"type":"if","locations":[{"start":{"line":149,"column":13},"end":{"line":157,"column":7}},{"start":{"line":153,"column":13},"end":{"line":157,"column":7}}]}},"s":{"0":11,"1":11,"2":15,"3":15,"4":15,"5":15,"6":2,"7":2,"8":13,"9":13,"10":2,"11":2,"12":11,"13":11,"14":11,"15":0,"16":0,"17":0,"18":11,"19":3,"20":3,"21":3,"22":0,"23":0,"24":3,"25":3,"26":3,"27":0,"28":11,"29":6,"30":6,"31":6,"32":6,"33":0,"34":0,"35":6,"36":6,"37":2,"38":4,"39":2,"40":2,"41":2,"42":0,"43":11,"44":3,"45":3,"46":3,"47":3,"48":3,"49":0,"50":0,"51":3,"52":3,"53":2,"54":1,"55":1,"56":0,"57":0,"58":0,"59":11,"60":4,"61":4,"62":4,"63":4,"64":0,"65":0,"66":4,"67":4,"68":2,"69":2,"70":2,"71":0,"72":0,"73":0,"74":2},"f":{"0":11,"1":15,"2":3,"3":6,"4":3,"5":4},"b":{"0":[2],"1":[15,13,13],"2":[2],"3":[13,12,12],"4":[0,0],"5":[0],"6":[3,3],"7":[0],"8":[6,6],"9":[2,2],"10":[2,0],"11":[0],"12":[3,3],"13":[1,0],"14":[0,0],"15":[0],"16":[4,4],"17":[2,0],"18":[0,0]}}
,"C:\\Users\\User\\yazlab2\\order-service\\src\\models\\order.model.ts": {"path":"C:\\Users\\User\\yazlab2\\order-service\\src\\models\\order.model.ts","statementMap":{"0":{"start":{"line":1,"column":0},"end":{"line":1,"column":54}},"1":{"start":{"line":18,"column":24},"end":{"line":22,"column":2}},"2":{"start":{"line":24,"column":20},"end":{"line":36,"column":null}},"3":{"start":{"line":39,"column":13},"end":{"line":39,"column":71}}},"fnMap":{},"branchMap":{},"s":{"0":1,"1":1,"2":1,"3":1},"f":{},"b":{}}
,"C:\\Users\\User\\yazlab2\\order-service\\src\\routes\\order.routes.ts": {"path":"C:\\Users\\User\\yazlab2\\order-service\\src\\routes\\order.routes.ts","statementMap":{"0":{"start":{"line":1,"column":0},"end":{"line":1,"column":33}},"1":{"start":{"line":2,"column":0},"end":{"line":2,"column":66}},"2":{"start":{"line":3,"column":0},"end":{"line":3,"column":57}},"3":{"start":{"line":5,"column":15},"end":{"line":5,"column":23}},"4":{"start":{"line":6,"column":21},"end":{"line":6,"column":39}},"5":{"start":{"line":7,"column":24},"end":{"line":7,"column":57}},"6":{"start":{"line":9,"column":0},"end":{"line":9,"column":46}},"7":{"start":{"line":10,"column":0},"end":{"line":10,"column":43}},"8":{"start":{"line":11,"column":0},"end":{"line":11,"column":49}},"9":{"start":{"line":12,"column":0},"end":{"line":12,"column":48}},"10":{"start":{"line":13,"column":0},"end":{"line":13,"column":51}},"11":{"start":{"line":15,"column":0},"end":{"line":15,"column":22}}},"fnMap":{},"branchMap":{},"s":{"0":1,"1":1,"2":1,"3":1,"4":1,"5":1,"6":1,"7":1,"8":1,"9":1,"10":1,"11":1},"f":{},"b":{}}
,"C:\\Users\\User\\yazlab2\\order-service\\src\\services\\order.service.ts": {"path":"C:\\Users\\User\\yazlab2\\order-service\\src\\services\\order.service.ts","statementMap":{"0":{"start":{"line":1,"column":0},"end":{"line":1,"column":51}},"1":{"start":{"line":15,"column":4},"end":{"line":17,"column":5}},"2":{"start":{"line":16,"column":6},"end":{"line":16,"column":37}},"3":{"start":{"line":19,"column":23},"end":{"line":21,"column":null}},"4":{"start":{"line":20,"column":21},"end":{"line":20,"column":53}},"5":{"start":{"line":24,"column":18},"end":{"line":30,"column":6}},"6":{"start":{"line":32,"column":4},"end":{"line":32,"column":37}},"7":{"start":{"line":36,"column":19},"end":{"line":36,"column":53}},"8":{"start":{"line":37,"column":19},"end":{"line":37,"column":72}},"9":{"start":{"line":38,"column":4},"end":{"line":38,"column":52}},"10":{"start":{"line":38,"column":29},"end":{"line":38,"column":50}},"11":{"start":{"line":46,"column":18},"end":{"line":46,"column":52}},"12":{"start":{"line":47,"column":4},"end":{"line":49,"column":5}},"13":{"start":{"line":48,"column":6},"end":{"line":48,"column":41}},"14":{"start":{"line":50,"column":4},"end":{"line":52,"column":5}},"15":{"start":{"line":51,"column":6},"end":{"line":51,"column":35}},"16":{"start":{"line":53,"column":4},"end":{"line":53,"column":37}},"17":{"start":{"line":62,"column":18},"end":{"line":62,"column":52}},"18":{"start":{"line":63,"column":4},"end":{"line":65,"column":5}},"19":{"start":{"line":64,"column":6},"end":{"line":64,"column":41}},"20":{"start":{"line":66,"column":4},"end":{"line":68,"column":5}},"21":{"start":{"line":67,"column":6},"end":{"line":67,"column":35}},"22":{"start":{"line":70,"column":4},"end":{"line":70,"column":30}},"23":{"start":{"line":71,"column":4},"end":{"line":71,"column":23}},"24":{"start":{"line":72,"column":4},"end":{"line":72,"column":37}},"25":{"start":{"line":80,"column":18},"end":{"line":80,"column":52}},"26":{"start":{"line":81,"column":4},"end":{"line":83,"column":5}},"27":{"start":{"line":82,"column":6},"end":{"line":82,"column":41}},"28":{"start":{"line":84,"column":4},"end":{"line":86,"column":5}},"29":{"start":{"line":85,"column":6},"end":{"line":85,"column":35}},"30":{"start":{"line":87,"column":4},"end":{"line":87,"column":48}},"31":{"start":{"line":91,"column":4},"end":{"line":99,"column":6}},"32":{"start":{"line":9,"column":0},"end":{"line":9,"column":13}}},"fnMap":{"0":{"name":"(anonymous_0)","decl":{"start":{"line":10,"column":2},"end":{"line":10,"column":7}},"loc":{"start":{"line":13,"column":23},"end":{"line":33,"column":3}}},"1":{"name":"(anonymous_1)","decl":{"start":{"line":20,"column":6},"end":{"line":20,"column":7}},"loc":{"start":{"line":20,"column":21},"end":{"line":20,"column":53}}},"2":{"name":"(anonymous_2)","decl":{"start":{"line":35,"column":2},"end":{"line":35,"column":7}},"loc":{"start":{"line":35,"column":46},"end":{"line":39,"column":3}}},"3":{"name":"(anonymous_3)","decl":{"start":{"line":38,"column":22},"end":{"line":38,"column":23}},"loc":{"start":{"line":38,"column":29},"end":{"line":38,"column":50}}},"4":{"name":"(anonymous_4)","decl":{"start":{"line":41,"column":2},"end":{"line":41,"column":7}},"loc":{"start":{"line":44,"column":16},"end":{"line":54,"column":3}}},"5":{"name":"(anonymous_5)","decl":{"start":{"line":56,"column":2},"end":{"line":56,"column":7}},"loc":{"start":{"line":60,"column":23},"end":{"line":73,"column":3}}},"6":{"name":"(anonymous_6)","decl":{"start":{"line":75,"column":2},"end":{"line":75,"column":7}},"loc":{"start":{"line":78,"column":16},"end":{"line":88,"column":3}}},"7":{"name":"(anonymous_7)","decl":{"start":{"line":90,"column":10},"end":{"line":90,"column":23}},"loc":{"start":{"line":90,"column":34},"end":{"line":100,"column":3}}}},"branchMap":{"0":{"loc":{"start":{"line":15,"column":4},"end":{"line":17,"column":5}},"type":"if","locations":[{"start":{"line":15,"column":4},"end":{"line":17,"column":5}}]},"1":{"loc":{"start":{"line":15,"column":8},"end":{"line":15,"column":44}},"type":"binary-expr","locations":[{"start":{"line":15,"column":8},"end":{"line":15,"column":18}},{"start":{"line":15,"column":22},"end":{"line":15,"column":44}}]},"2":{"loc":{"start":{"line":36,"column":19},"end":{"line":36,"column":53}},"type":"cond-expr","locations":[{"start":{"line":36,"column":38},"end":{"line":36,"column":40}},{"start":{"line":36,"column":43},"end":{"line":36,"column":53}}]},"3":{"loc":{"start":{"line":47,"column":4},"end":{"line":49,"column":5}},"type":"if","locations":[{"start":{"line":47,"column":4},"end":{"line":49,"column":5}}]},"4":{"loc":{"start":{"line":50,"column":4},"end":{"line":52,"column":5}},"type":"if","locations":[{"start":{"line":50,"column":4},"end":{"line":52,"column":5}}]},"5":{"loc":{"start":{"line":50,"column":8},"end":{"line":50,"column":51}},"type":"binary-expr","locations":[{"start":{"line":50,"column":8},"end":{"line":50,"column":24}},{"start":{"line":50,"column":28},"end":{"line":50,"column":51}}]},"6":{"loc":{"start":{"line":63,"column":4},"end":{"line":65,"column":5}},"type":"if","locations":[{"start":{"line":63,"column":4},"end":{"line":65,"column":5}}]},"7":{"loc":{"start":{"line":66,"column":4},"end":{"line":68,"column":5}},"type":"if","locations":[{"start":{"line":66,"column":4},"end":{"line":68,"column":5}}]},"8":{"loc":{"start":{"line":66,"column":8},"end":{"line":66,"column":51}},"type":"binary-expr","locations":[{"start":{"line":66,"column":8},"end":{"line":66,"column":24}},{"start":{"line":66,"column":28},"end":{"line":66,"column":51}}]},"9":{"loc":{"start":{"line":81,"column":4},"end":{"line":83,"column":5}},"type":"if","locations":[{"start":{"line":81,"column":4},"end":{"line":83,"column":5}}]},"10":{"loc":{"start":{"line":84,"column":4},"end":{"line":86,"column":5}},"type":"if","locations":[{"start":{"line":84,"column":4},"end":{"line":86,"column":5}}]},"11":{"loc":{"start":{"line":84,"column":8},"end":{"line":84,"column":51}},"type":"binary-expr","locations":[{"start":{"line":84,"column":8},"end":{"line":84,"column":24}},{"start":{"line":84,"column":28},"end":{"line":84,"column":51}}]}},"s":{"0":1,"1":10,"2":0,"3":10,"4":10,"5":10,"6":10,"7":2,"8":2,"9":2,"10":2,"11":3,"12":3,"13":1,"14":2,"15":1,"16":1,"17":2,"18":2,"19":1,"20":1,"21":0,"22":1,"23":1,"24":1,"25":2,"26":2,"27":1,"28":1,"29":0,"30":1,"31":14,"32":1},"f":{"0":10,"1":10,"2":2,"3":2,"4":3,"5":2,"6":2,"7":14},"b":{"0":[0],"1":[10,10],"2":[1,1],"3":[1],"4":[1],"5":[2,2],"6":[1],"7":[0],"8":[1,0],"9":[1],"10":[0],"11":[1,0]}}
}
