TN:
SF:src\app.ts
FN:4,createApp
FN:11,(anonymous_2)
FN:17,(anonymous_3)
FNF:3
FNH:1
FNDA:1,createApp
FNDA:0,(anonymous_2)
FNDA:0,(anonymous_3)
DA:1,1
DA:2,1
DA:4,1
DA:5,1
DA:7,1
DA:9,1
DA:11,1
DA:12,0
DA:17,1
DA:18,0
DA:23,1
LF:11
LH:9
BRF:0
BRH:0
end_of_record
TN:
SF:src\controllers\order.controller.ts
FN:5,(anonymous_0)
FN:7,(anonymous_1)
FN:43,(anonymous_2)
FN:64,(anonymous_3)
FN:96,(anonymous_4)
FN:129,(anonymous_5)
FNF:6
FNH:6
FNDA:11,(anonymous_0)
FNDA:15,(anonymous_1)
FNDA:3,(anonymous_2)
FNDA:6,(anonymous_3)
FNDA:3,(anonymous_4)
FNDA:4,(anonymous_5)
DA:4,2
DA:5,11
DA:7,11
DA:8,15
DA:9,15
DA:10,15
DA:12,15
DA:13,2
DA:16,2
DA:19,13
DA:20,13
DA:21,2
DA:24,2
DA:27,11
DA:28,11
DA:29,11
DA:31,0
DA:32,0
DA:36,0
DA:43,11
DA:44,3
DA:45,3
DA:47,3
DA:48,0
DA:51,0
DA:54,3
DA:55,3
DA:56,3
DA:58,0
DA:64,11
DA:65,6
DA:66,6
DA:67,6
DA:69,6
DA:70,0
DA:73,0
DA:76,6
DA:77,6
DA:78,2
DA:80,4
DA:81,2
DA:84,2
DA:85,2
DA:89,0
DA:96,11
DA:97,3
DA:98,3
DA:99,3
DA:100,3
DA:102,3
DA:103,0
DA:106,0
DA:109,3
DA:110,3
DA:111,2
DA:113,1
DA:114,1
DA:117,0
DA:118,0
DA:122,0
DA:129,11
DA:130,4
DA:131,4
DA:132,4
DA:134,4
DA:135,0
DA:138,0
DA:141,4
DA:142,4
DA:143,2
DA:145,2
DA:146,2
DA:149,0
DA:150,0
DA:154,0
LF:75
LH:56
BRDA:12,0,0,2
BRDA:12,1,0,15
BRDA:12,1,1,13
BRDA:12,1,2,13
BRDA:20,2,0,2
BRDA:20,3,0,13
BRDA:20,3,1,12
BRDA:20,3,2,12
BRDA:31,4,0,0
BRDA:31,4,1,0
BRDA:47,5,0,0
BRDA:47,6,0,3
BRDA:47,6,1,3
BRDA:69,7,0,0
BRDA:69,8,0,6
BRDA:69,8,1,6
BRDA:80,9,0,2
BRDA:80,9,1,2
BRDA:84,10,0,2
BRDA:84,10,1,0
BRDA:102,11,0,0
BRDA:102,12,0,3
BRDA:102,12,1,3
BRDA:113,13,0,1
BRDA:113,13,1,0
BRDA:117,14,0,0
BRDA:117,14,1,0
BRDA:134,15,0,0
BRDA:134,16,0,4
BRDA:134,16,1,4
BRDA:145,17,0,2
BRDA:145,17,1,0
BRDA:149,18,0,0
BRDA:149,18,1,0
BRF:34
BRH:21
end_of_record
TN:
SF:src\models\order.model.ts
FNF:0
FNH:0
DA:1,1
DA:18,1
DA:24,1
DA:39,1
LF:4
LH:4
BRF:0
BRH:0
end_of_record
TN:
SF:src\routes\order.routes.ts
FNF:0
FNH:0
DA:1,1
DA:2,1
DA:3,1
DA:5,1
DA:6,1
DA:7,1
DA:9,1
DA:10,1
DA:11,1
DA:12,1
DA:13,1
DA:15,1
LF:12
LH:12
BRF:0
BRH:0
end_of_record
TN:
SF:src\services\order.service.ts
FN:10,(anonymous_0)
FN:20,(anonymous_1)
FN:35,(anonymous_2)
FN:38,(anonymous_3)
FN:41,(anonymous_4)
FN:56,(anonymous_5)
FN:75,(anonymous_6)
FN:90,(anonymous_7)
FNF:8
FNH:8
FNDA:10,(anonymous_0)
FNDA:10,(anonymous_1)
FNDA:2,(anonymous_2)
FNDA:2,(anonymous_3)
FNDA:3,(anonymous_4)
FNDA:2,(anonymous_5)
FNDA:2,(anonymous_6)
FNDA:14,(anonymous_7)
DA:1,1
DA:9,1
DA:15,10
DA:16,0
DA:19,10
DA:20,10
DA:24,10
DA:32,10
DA:36,2
DA:37,2
DA:38,2
DA:46,3
DA:47,3
DA:48,1
DA:50,2
DA:51,1
DA:53,1
DA:62,2
DA:63,2
DA:64,1
DA:66,1
DA:67,0
DA:70,1
DA:71,1
DA:72,1
DA:80,2
DA:81,2
DA:82,1
DA:84,1
DA:85,0
DA:87,1
DA:91,14
LF:32
LH:29
BRDA:15,0,0,0
BRDA:15,1,0,10
BRDA:15,1,1,10
BRDA:36,2,0,1
BRDA:36,2,1,1
BRDA:47,3,0,1
BRDA:50,4,0,1
BRDA:50,5,0,2
BRDA:50,5,1,2
BRDA:63,6,0,1
BRDA:66,7,0,0
BRDA:66,8,0,1
BRDA:66,8,1,0
BRDA:81,9,0,1
BRDA:84,10,0,0
BRDA:84,11,0,1
BRDA:84,11,1,0
BRF:17
BRH:12
end_of_record
